  Building Custom Rule C:/Users/Marcos/Documents/SAE/6to Trimestre/Graficación/Libs/glfw/src/CMakeLists.txt
  CMake does not need to re-run because C:/Users/Marcos/Documents/SAE/6to Trimestre/Graficaci├│n/Libs/glfw/src/CMakeFiles/generate.stamp is up-to-date.
  context.c
  init.c
  input.c
  monitor.c
  vulkan.c
  window.c
  win32_init.c
  win32_joystick.c
  win32_monitor.c
  win32_time.c
  win32_tls.c
  win32_window.c
  wgl_context.c
  egl_context.c
  Generating Code...
     Creating library C:/Users/Marcos/Documents/SAE/6to Trimestre/Graficación/Libs/glfw/src/Debug/glfw3dll.lib and object C:/Users/Marcos/Documents/SAE/6to Trimestre/Graficación/Libs/glfw/src/Debug/glfw3dll.exp
  glfw.vcxproj -> C:\Users\Marcos\Documents\SAE\6to Trimestre\Graficación\Libs\glfw\src\Debug\glfw3.dll
  glfw.vcxproj -> C:/Users/Marcos/Documents/SAE/6to Trimestre/Graficación/Libs/glfw/src/Debug/glfw3.pdb (Full PDB)
